<?xml version="1.0" encoding="UTF-8"?>
<testng-results ignored="0" total="1" passed="1" failed="0" skipped="0">
  <reporter-output>
  </reporter-output>
  <suite started-at="2024-08-16T16:18:19Z" name="Suite" finished-at="2024-08-16T16:18:28Z" duration-ms="9513">
    <groups>
    </groups>
    <test started-at="2024-08-16T16:18:19Z" name="Test" finished-at="2024-08-16T16:18:28Z" duration-ms="9513">
      <class name="com.lambdatest.TestNGTodoMobile">
        <test-method is-config="true" signature="setup(java.lang.reflect.Method, org.testng.ITestContext)[pri:0, instance:com.lambdatest.TestNGTodoMobile@3541cb24]" started-at="2024-08-16T16:18:19Z" name="setup" finished-at="2024-08-16T16:18:20Z" duration-ms="1826" status="PASS">
          <params>
            <param index="0">
              <value>
                <![CDATA[public void com.lambdatest.TestNGTodoMobile.basicTest() throws java.lang.InterruptedException]]>
              </value>
            </param>
            <param index="1">
              <value>
                <![CDATA[org.testng.TestRunner@25fb8912]]>
              </value>
            </param>
          </params>
          <reporter-output>
          </reporter-output>
        </test-method> <!-- setup -->
        <test-method signature="basicTest()[pri:0, instance:com.lambdatest.TestNGTodoMobile@3541cb24]" started-at="2024-08-16T16:18:20Z" name="basicTest" finished-at="2024-08-16T16:18:28Z" duration-ms="7462" status="PASS">
          <reporter-output>
          </reporter-output>
        </test-method> <!-- basicTest -->
        <test-method is-config="true" signature="tearDown()[pri:0, instance:com.lambdatest.TestNGTodoMobile@3541cb24]" started-at="2024-08-16T16:18:28Z" name="tearDown" finished-at="2024-08-16T16:18:28Z" duration-ms="197" status="PASS">
          <reporter-output>
          </reporter-output>
        </test-method> <!-- tearDown -->
      </class> <!-- com.lambdatest.TestNGTodoMobile -->
    </test> <!-- Test -->
  </suite> <!-- Suite -->
</testng-results>
